<?xml version="1.0" encoding="UTF-8"?>
<!-- Generated by org.testng.reporters.JUnitXMLReporter -->
<testsuite ignored="0" hostname="Sandesh" failures="0" tests="4" name="Default test" time="15.17" errors="0" timestamp="2023-01-30T13:16:46 IST">
  <testcase classname="demoProject.GetTitle" name="SubmitForm" time="8.111"/>
  <testcase classname="demoProject.GetTitle" name="OpenBookStoreApplication" time="3.207"/>
  <testcase classname="demoProject.GetTitle" name="PassedTestCase" time="0.003"/>
  <testcase classname="demoProject.GetTitle" name="FailedTestCase" time="0.001"/>
</testsuite> <!-- Default test -->
