<?xml version="1.0" encoding="UTF-8"?>
<!-- Generated by org.testng.reporters.JUnitXMLReporter -->
<testsuite hostname="Sandesh" ignored="0" name="Test" tests="4" failures="1" timestamp="01 Feb 2023 09:09:35 GMT" time="21.21" errors="0">
  <testcase name="SubmitForm" time="6.745" classname="demoProject.GetTitle"/>
  <testcase name="OpenBookStoreApplication" time="11.328" classname="demoProject.GetTitle">
    <failure type="org.openqa.selenium.NoSuchElementException" message="Unable to find element with locator By.xpath: //input[@id=&amp;apos;userName&amp;apos;]
For documentation on this error, please visit: https://selenium.dev/exceptions/#no_such_element
Build info: version: &amp;apos;4.7.2&amp;apos;, revision: &amp;apos;4d4020c3b7&amp;apos;
System info: os.name: &amp;apos;Windows 10&amp;apos;, os.arch: &amp;apos;amd64&amp;apos;, os.version: &amp;apos;10.0&amp;apos;, java.version: &amp;apos;1.8.0_351&amp;apos;
Driver info: driver.version: RemoteWebDriver">
      <![CDATA[org.openqa.selenium.NoSuchElementException: Unable to find element with locator By.xpath: //input[@id='userName']
For documentation on this error, please visit: https://selenium.dev/exceptions/#no_such_element
Build info: version: '4.7.2', revision: '4d4020c3b7'
System info: os.name: 'Windows 10', os.arch: 'amd64', os.version: '10.0', java.version: '1.8.0_351'
Driver info: driver.version: RemoteWebDriver
at org.openqa.selenium.remote.ElementLocation$ElementFinder$2.findElement(ElementLocation.java:165)
at org.openqa.selenium.remote.ElementLocation.findElement(ElementLocation.java:60)
at org.openqa.selenium.remote.RemoteWebDriver.findElement(RemoteWebDriver.java:351)
at org.openqa.selenium.remote.RemoteWebDriver.findElement(RemoteWebDriver.java:343)
at demoProject.GetTitle.OpenBookStoreApplication(GetTitle.java:173)
... Removed 29 stack frames]]>
    </failure>
  </testcase> <!-- OpenBookStoreApplication -->
  <testcase name="PassedTestCase" time="0.001" classname="demoProject.GetTitle"/>
  <testcase name="FailedTestCase" time="0.0" classname="demoProject.GetTitle"/>
</testsuite> <!-- Test -->
