<?xml version="1.0" encoding="UTF-8"?>
<testng-results skipped="0" failed="1" ignored="0" total="4" passed="3">
  <reporter-output>
  </reporter-output>
  <suite name="Suite" duration-ms="21210" started-at="2023-02-01T09:09:13Z" finished-at="2023-02-01T09:09:35Z">
    <groups>
    </groups>
    <test name="Test" duration-ms="21210" started-at="2023-02-01T09:09:13Z" finished-at="2023-02-01T09:09:35Z">
      <class name="demoProject.GetTitle">
        <test-method status="PASS" signature="LaunchBroswer()[pri:0, instance:demoProject.GetTitle@4c402120]" name="LaunchBroswer" is-config="true" duration-ms="104" started-at="2023-02-01T09:09:13Z" finished-at="2023-02-01T09:09:14Z">
          <reporter-output>
          </reporter-output>
        </test-method> <!-- LaunchBroswer -->
        <test-method status="PASS" signature="startTest()[pri:0, instance:demoProject.GetTitle@4c402120]" name="startTest" is-config="true" duration-ms="2756" started-at="2023-02-01T09:09:14Z" finished-at="2023-02-01T09:09:16Z">
          <reporter-output>
          </reporter-output>
        </test-method> <!-- startTest -->
        <test-method status="PASS" signature="SubmitForm()[pri:1, instance:demoProject.GetTitle@4c402120]" name="SubmitForm" duration-ms="6745" started-at="2023-02-01T09:09:16Z" finished-at="2023-02-01T09:09:23Z">
          <reporter-output>
          </reporter-output>
        </test-method> <!-- SubmitForm -->
        <test-method status="FAIL" signature="OpenBookStoreApplication()[pri:2, instance:demoProject.GetTitle@4c402120]" name="OpenBookStoreApplication" duration-ms="11328" started-at="2023-02-01T09:09:23Z" finished-at="2023-02-01T09:09:34Z">
          <exception class="org.openqa.selenium.NoSuchElementException">
            <message>
              <![CDATA[Unable to find element with locator By.xpath: //input[@id='userName']
For documentation on this error, please visit: https://selenium.dev/exceptions/#no_such_element
Build info: version: '4.7.2', revision: '4d4020c3b7'
System info: os.name: 'Windows 10', os.arch: 'amd64', os.version: '10.0', java.version: '1.8.0_351'
Driver info: driver.version: RemoteWebDriver]]>
            </message>
            <full-stacktrace>
              <![CDATA[org.openqa.selenium.NoSuchElementException: Unable to find element with locator By.xpath: //input[@id='userName']
For documentation on this error, please visit: https://selenium.dev/exceptions/#no_such_element
Build info: version: '4.7.2', revision: '4d4020c3b7'
System info: os.name: 'Windows 10', os.arch: 'amd64', os.version: '10.0', java.version: '1.8.0_351'
Driver info: driver.version: RemoteWebDriver
at org.openqa.selenium.remote.ElementLocation$ElementFinder$2.findElement(ElementLocation.java:165)
at org.openqa.selenium.remote.ElementLocation.findElement(ElementLocation.java:60)
at org.openqa.selenium.remote.RemoteWebDriver.findElement(RemoteWebDriver.java:351)
at org.openqa.selenium.remote.RemoteWebDriver.findElement(RemoteWebDriver.java:343)
at demoProject.GetTitle.OpenBookStoreApplication(GetTitle.java:173)
at sun.reflect.NativeMethodAccessorImpl.invoke0(Native Method)
at sun.reflect.NativeMethodAccessorImpl.invoke(NativeMethodAccessorImpl.java:62)
at sun.reflect.DelegatingMethodAccessorImpl.invoke(DelegatingMethodAccessorImpl.java:43)
at java.lang.reflect.Method.invoke(Method.java:498)
at org.testng.internal.MethodInvocationHelper.invokeMethod(MethodInvocationHelper.java:124)
at org.testng.internal.Invoker.invokeMethod(Invoker.java:583)
at org.testng.internal.Invoker.invokeTestMethod(Invoker.java:719)
at org.testng.internal.Invoker.invokeTestMethods(Invoker.java:989)
at org.testng.internal.TestMethodWorker.invokeTestMethods(TestMethodWorker.java:125)
at org.testng.internal.TestMethodWorker.run(TestMethodWorker.java:109)
at org.testng.TestRunner.privateRun(TestRunner.java:648)
at org.testng.TestRunner.run(TestRunner.java:505)
at org.testng.SuiteRunner.runTest(SuiteRunner.java:455)
at org.testng.SuiteRunner.runSequentially(SuiteRunner.java:450)
at org.testng.SuiteRunner.privateRun(SuiteRunner.java:415)
at org.testng.SuiteRunner.run(SuiteRunner.java:364)
at org.testng.SuiteRunnerWorker.runSuite(SuiteRunnerWorker.java:52)
at org.testng.SuiteRunnerWorker.run(SuiteRunnerWorker.java:84)
at org.testng.TestNG.runSuitesSequentially(TestNG.java:1208)
at org.testng.TestNG.runSuitesLocally(TestNG.java:1137)
at org.testng.TestNG.runSuites(TestNG.java:1049)
at org.testng.TestNG.run(TestNG.java:1017)
at org.apache.maven.surefire.testng.TestNGExecutor.run(TestNGExecutor.java:283)
at org.apache.maven.surefire.testng.TestNGXmlTestSuite.execute(TestNGXmlTestSuite.java:75)
at org.apache.maven.surefire.testng.TestNGProvider.invoke(TestNGProvider.java:120)
at org.apache.maven.surefire.booter.ForkedBooter.invokeProviderInSameClassLoader(ForkedBooter.java:384)
at org.apache.maven.surefire.booter.ForkedBooter.runSuitesInProcess(ForkedBooter.java:345)
at org.apache.maven.surefire.booter.ForkedBooter.execute(ForkedBooter.java:126)
at org.apache.maven.surefire.booter.ForkedBooter.main(ForkedBooter.java:418)
]]>
            </full-stacktrace>
          </exception> <!-- org.openqa.selenium.NoSuchElementException -->
          <reporter-output>
          </reporter-output>
        </test-method> <!-- OpenBookStoreApplication -->
        <test-method status="PASS" signature="PassedTestCase()[pri:3, instance:demoProject.GetTitle@4c402120]" name="PassedTestCase" duration-ms="1" started-at="2023-02-01T09:09:34Z" finished-at="2023-02-01T09:09:34Z">
          <reporter-output>
          </reporter-output>
        </test-method> <!-- PassedTestCase -->
        <test-method status="PASS" signature="endTest()[pri:0, instance:demoProject.GetTitle@4c402120]" name="endTest" is-config="true" duration-ms="254" started-at="2023-02-01T09:09:34Z" finished-at="2023-02-01T09:09:35Z">
          <reporter-output>
          </reporter-output>
        </test-method> <!-- endTest -->
        <test-method status="PASS" signature="FailedTestCase()[pri:4, instance:demoProject.GetTitle@4c402120]" name="FailedTestCase" duration-ms="0" started-at="2023-02-01T09:09:34Z" finished-at="2023-02-01T09:09:34Z">
          <reporter-output>
          </reporter-output>
        </test-method> <!-- FailedTestCase -->
      </class> <!-- demoProject.GetTitle -->
    </test> <!-- Test -->
  </suite> <!-- Suite -->
</testng-results>
