<?xml version="1.0" encoding="UTF-8"?>
<testng-results ignored="0" total="4" passed="4" failed="0" skipped="0">
  <reporter-output>
  </reporter-output>
  <suite started-at="2023-01-30T13:16:30 IST" name="Default suite" finished-at="2023-01-30T13:16:45 IST" duration-ms="15170">
    <groups>
    </groups>
    <test started-at="2023-01-30T13:16:30 IST" name="Default test" finished-at="2023-01-30T13:16:45 IST" duration-ms="15170">
      <class name="demoProject.GetTitle">
        <test-method is-config="true" signature="LaunchBroswer()[pri:0, instance:demoProject.GetTitle@b86de0d]" started-at="2023-01-30T13:16:30 IST" name="LaunchBroswer" finished-at="2023-01-30T13:16:30 IST" duration-ms="159" status="PASS">
          <reporter-output>
          </reporter-output>
        </test-method> <!-- LaunchBroswer -->
        <test-method is-config="true" signature="startTest()[pri:0, instance:demoProject.GetTitle@b86de0d]" started-at="2023-01-30T13:16:31 IST" name="startTest" finished-at="2023-01-30T13:16:33 IST" duration-ms="2953" status="PASS">
          <reporter-output>
          </reporter-output>
        </test-method> <!-- startTest -->
        <test-method signature="SubmitForm()[pri:1, instance:demoProject.GetTitle@b86de0d]" started-at="2023-01-30T13:16:33 IST" name="SubmitForm" finished-at="2023-01-30T13:16:42 IST" duration-ms="8111" status="PASS">
          <reporter-output>
          </reporter-output>
        </test-method> <!-- SubmitForm -->
        <test-method signature="OpenBookStoreApplication()[pri:2, instance:demoProject.GetTitle@b86de0d]" started-at="2023-01-30T13:16:42 IST" name="OpenBookStoreApplication" finished-at="2023-01-30T13:16:45 IST" duration-ms="3207" status="PASS">
          <reporter-output>
          </reporter-output>
        </test-method> <!-- OpenBookStoreApplication -->
        <test-method signature="PassedTestCase()[pri:3, instance:demoProject.GetTitle@b86de0d]" started-at="2023-01-30T13:16:45 IST" name="PassedTestCase" finished-at="2023-01-30T13:16:45 IST" duration-ms="3" status="PASS">
          <reporter-output>
          </reporter-output>
        </test-method> <!-- PassedTestCase -->
        <test-method signature="FailedTestCase()[pri:4, instance:demoProject.GetTitle@b86de0d]" started-at="2023-01-30T13:16:45 IST" name="FailedTestCase" finished-at="2023-01-30T13:16:45 IST" duration-ms="1" status="PASS">
          <reporter-output>
          </reporter-output>
        </test-method> <!-- FailedTestCase -->
        <test-method is-config="true" signature="endTest()[pri:0, instance:demoProject.GetTitle@b86de0d]" started-at="2023-01-30T13:16:45 IST" name="endTest" finished-at="2023-01-30T13:16:45 IST" duration-ms="679" status="PASS">
          <reporter-output>
          </reporter-output>
        </test-method> <!-- endTest -->
      </class> <!-- demoProject.GetTitle -->
    </test> <!-- Default test -->
  </suite> <!-- Default suite -->
</testng-results>
